<?xml version="1.0" encoding="UTF-8"?>
<!-- Generated by org.testng.reporters.JUnitXMLReporter -->
<testsuite ignored="0" hostname="iamnisar812" failures="0" tests="6" name="Default test" time="0.456" errors="0" timestamp="2024-04-22T22:18:30 IST">
  <testcase classname="testing.UseDataOfExcel" name="testExcelData" time="0.01"/>
  <testcase classname="testing.UseDataOfExcel" name="testExcelData" time="0.001"/>
  <testcase classname="testing.UseDataOfExcel" name="testExcelData" time="0.002"/>
  <testcase classname="testing.UseDataOfExcel" name="testExcelData" time="0.001"/>
  <testcase classname="testing.UseDataOfExcel" name="testExcelData" time="0.001"/>
  <testcase classname="testing.UseDataOfExcel" name="testExcelData" time="0.001"/>
</testsuite> <!-- Default test -->
