<?xml version="1.0" encoding="UTF-8"?>
<testng-results ignored="0" total="3" passed="3" failed="0" skipped="0">
  <reporter-output>
  </reporter-output>
  <suite started-at="2023-12-03T20:42:50 IST" name="Default suite" finished-at="2023-12-03T20:42:53 IST" duration-ms="2528">
    <groups>
    </groups>
    <test started-at="2023-12-03T20:42:50 IST" name="Default test" finished-at="2023-12-03T20:42:53 IST" duration-ms="2528">
      <class name="files.DynamicJson">
        <test-method signature="addBook(java.lang.String,java.lang.String)[pri:0, instance:files.DynamicJson@342c38f8]" started-at="2023-12-03T20:42:50 IST" name="addBook" data-provider="BooksData" finished-at="2023-12-03T20:42:52 IST" duration-ms="2009" status="PASS">
          <params>
            <param index="0">
              <value>
                <![CDATA[setA]]>
              </value>
            </param>
            <param index="1">
              <value>
                <![CDATA[123]]>
              </value>
            </param>
          </params>
          <reporter-output>
          </reporter-output>
        </test-method> <!-- addBook -->
        <test-method signature="addBook(java.lang.String,java.lang.String)[pri:0, instance:files.DynamicJson@342c38f8]" started-at="2023-12-03T20:42:52 IST" name="addBook" data-provider="BooksData" finished-at="2023-12-03T20:42:52 IST" duration-ms="236" status="PASS">
          <params>
            <param index="0">
              <value>
                <![CDATA[setB]]>
              </value>
            </param>
            <param index="1">
              <value>
                <![CDATA[456]]>
              </value>
            </param>
          </params>
          <reporter-output>
          </reporter-output>
        </test-method> <!-- addBook -->
        <test-method signature="addBook(java.lang.String,java.lang.String)[pri:0, instance:files.DynamicJson@342c38f8]" started-at="2023-12-03T20:42:52 IST" name="addBook" data-provider="BooksData" finished-at="2023-12-03T20:42:53 IST" duration-ms="238" status="PASS">
          <params>
            <param index="0">
              <value>
                <![CDATA[setC]]>
              </value>
            </param>
            <param index="1">
              <value>
                <![CDATA[789]]>
              </value>
            </param>
          </params>
          <reporter-output>
          </reporter-output>
        </test-method> <!-- addBook -->
      </class> <!-- files.DynamicJson -->
    </test> <!-- Default test -->
  </suite> <!-- Default suite -->
</testng-results>
