<?xml version="1.0" encoding="UTF-8"?>
<testng-results ignored="0" total="2" passed="2" failed="0" skipped="0">
  <reporter-output>
  </reporter-output>
  <suite started-at="2024-04-16T21:01:53 IST" name="Suite" finished-at="2024-04-16T21:01:54 IST" duration-ms="50">
    <groups>
    </groups>
    <test started-at="2024-04-16T21:01:53 IST" name="Test" finished-at="2024-04-16T21:01:54 IST" duration-ms="50">
      <class name="TestNG_Order1.OrderTest1">
        <test-method is-config="true" signature="BeforeSuite1()[pri:0, instance:TestNG_Order1.OrderTest1@3bf9ce3e]" started-at="2024-04-16T21:01:53 IST" name="BeforeSuite1" finished-at="2024-04-16T21:01:53 IST" duration-ms="5" status="PASS">
          <reporter-output>
          </reporter-output>
        </test-method> <!-- BeforeSuite1 -->
        <test-method is-config="true" signature="BeforeTest1()[pri:0, instance:TestNG_Order1.OrderTest1@3bf9ce3e]" started-at="2024-04-16T21:01:53 IST" name="BeforeTest1" finished-at="2024-04-16T21:01:53 IST" duration-ms="1" status="PASS">
          <reporter-output>
          </reporter-output>
        </test-method> <!-- BeforeTest1 -->
        <test-method is-config="true" signature="BeforeClass1()[pri:0, instance:TestNG_Order1.OrderTest1@3bf9ce3e]" started-at="2024-04-16T21:01:54 IST" name="BeforeClass1" finished-at="2024-04-16T21:01:54 IST" duration-ms="0" status="PASS">
          <reporter-output>
          </reporter-output>
        </test-method> <!-- BeforeClass1 -->
        <test-method is-config="true" signature="BeforeMethod1()[pri:0, instance:TestNG_Order1.OrderTest1@3bf9ce3e]" started-at="2024-04-16T21:01:54 IST" name="BeforeMethod1" finished-at="2024-04-16T21:01:54 IST" duration-ms="0" status="PASS">
          <reporter-output>
          </reporter-output>
        </test-method> <!-- BeforeMethod1 -->
        <test-method signature="ClassOne_Test1()[pri:0, instance:TestNG_Order1.OrderTest1@3bf9ce3e]" started-at="2024-04-16T21:01:54 IST" name="ClassOne_Test1" finished-at="2024-04-16T21:01:54 IST" duration-ms="5" status="PASS">
          <reporter-output>
          </reporter-output>
        </test-method> <!-- ClassOne_Test1 -->
        <test-method is-config="true" signature="AfterMethod1()[pri:0, instance:TestNG_Order1.OrderTest1@3bf9ce3e]" started-at="2024-04-16T21:01:54 IST" name="AfterMethod1" finished-at="2024-04-16T21:01:54 IST" duration-ms="0" status="PASS">
          <reporter-output>
          </reporter-output>
        </test-method> <!-- AfterMethod1 -->
        <test-method is-config="true" signature="BeforeMethod1()[pri:0, instance:TestNG_Order1.OrderTest1@3bf9ce3e]" started-at="2024-04-16T21:01:54 IST" name="BeforeMethod1" finished-at="2024-04-16T21:01:54 IST" duration-ms="0" status="PASS">
          <reporter-output>
          </reporter-output>
        </test-method> <!-- BeforeMethod1 -->
        <test-method signature="ClassOne_Test2()[pri:0, instance:TestNG_Order1.OrderTest1@3bf9ce3e]" started-at="2024-04-16T21:01:54 IST" name="ClassOne_Test2" finished-at="2024-04-16T21:01:54 IST" duration-ms="1" status="PASS">
          <reporter-output>
          </reporter-output>
        </test-method> <!-- ClassOne_Test2 -->
        <test-method is-config="true" signature="AfterMethod1()[pri:0, instance:TestNG_Order1.OrderTest1@3bf9ce3e]" started-at="2024-04-16T21:01:54 IST" name="AfterMethod1" finished-at="2024-04-16T21:01:54 IST" duration-ms="0" status="PASS">
          <reporter-output>
          </reporter-output>
        </test-method> <!-- AfterMethod1 -->
        <test-method is-config="true" signature="AfterClass1()[pri:0, instance:TestNG_Order1.OrderTest1@3bf9ce3e]" started-at="2024-04-16T21:01:54 IST" name="AfterClass1" finished-at="2024-04-16T21:01:54 IST" duration-ms="0" status="PASS">
          <reporter-output>
          </reporter-output>
        </test-method> <!-- AfterClass1 -->
        <test-method is-config="true" signature="AfterTest1()[pri:0, instance:TestNG_Order1.OrderTest1@3bf9ce3e]" started-at="2024-04-16T21:01:54 IST" name="AfterTest1" finished-at="2024-04-16T21:01:54 IST" duration-ms="0" status="PASS">
          <reporter-output>
          </reporter-output>
        </test-method> <!-- AfterTest1 -->
        <test-method is-config="true" signature="AfterSuite1()[pri:0, instance:TestNG_Order1.OrderTest1@3bf9ce3e]" started-at="2024-04-16T21:01:54 IST" name="AfterSuite1" finished-at="2024-04-16T21:01:54 IST" duration-ms="1" status="PASS">
          <reporter-output>
          </reporter-output>
        </test-method> <!-- AfterSuite1 -->
      </class> <!-- TestNG_Order1.OrderTest1 -->
    </test> <!-- Test -->
  </suite> <!-- Suite -->
</testng-results>
