<?xml version="1.0" encoding="UTF-8"?>
<testng-results ignored="0" total="3" passed="3" failed="0" skipped="0">
  <reporter-output>
  </reporter-output>
  <suite started-at="2023-12-21T22:32:39 IST" name="Default suite" finished-at="2023-12-21T22:32:39 IST" duration-ms="239">
    <groups>
    </groups>
    <test started-at="2023-12-21T22:32:39 IST" name="Default test" finished-at="2023-12-21T22:32:39 IST" duration-ms="239">
      <class name="day2.DifferentWaysToCreatePostRequestBody">
        <test-method signature="payloadUsingHashMap()[pri:1, instance:day2.DifferentWaysToCreatePostRequestBody@7e7be63f]" started-at="2023-12-21T22:32:39 IST" name="payloadUsingHashMap" finished-at="2023-12-21T22:32:39 IST" duration-ms="186" status="PASS">
          <reporter-output>
          </reporter-output>
        </test-method> <!-- payloadUsingHashMap -->
        <test-method signature="payloadUsingOrgJson()[pri:2, instance:day2.DifferentWaysToCreatePostRequestBody@7e7be63f]" started-at="2023-12-21T22:32:39 IST" name="payloadUsingOrgJson" finished-at="2023-12-21T22:32:39 IST" duration-ms="5" status="PASS">
          <reporter-output>
          </reporter-output>
        </test-method> <!-- payloadUsingOrgJson -->
        <test-method signature="payloadUsingExternalJsonFile()[pri:3, instance:day2.DifferentWaysToCreatePostRequestBody@7e7be63f]" started-at="2023-12-21T22:32:39 IST" name="payloadUsingExternalJsonFile" finished-at="2023-12-21T22:32:39 IST" duration-ms="2" status="PASS">
          <reporter-output>
          </reporter-output>
        </test-method> <!-- payloadUsingExternalJsonFile -->
      </class> <!-- day2.DifferentWaysToCreatePostRequestBody -->
    </test> <!-- Default test -->
  </suite> <!-- Default suite -->
</testng-results>
