<?xml version="1.0" encoding="UTF-8"?>
<testng-results retried="1" ignored="0" total="5" passed="4" failed="0" skipped="0">
  <reporter-output>
  </reporter-output>
  <suite started-at="2024-05-19T14:22:10 IST" name="Default suite" finished-at="2024-05-19T14:22:39 IST" duration-ms="29030">
    <groups>
      <group name="Regression">
        <method signature="ProductDetailsTest.GetProductPrice(java.util.HashMap)[pri:0, instance:nisarahmedqae.tests.ProductDetailsTest@52af26ee]" name="GetProductPrice" class="nisarahmedqae.tests.ProductDetailsTest"/>
        <method signature="ProductDetailsTest.GetSearchedProducts()[pri:0, instance:nisarahmedqae.tests.ProductDetailsTest@52af26ee]" name="GetSearchedProducts" class="nisarahmedqae.tests.ProductDetailsTest"/>
      </group> <!-- Regression -->
    </groups>
    <test started-at="2024-05-19T14:22:10 IST" name="Default test" finished-at="2024-05-19T14:22:39 IST" duration-ms="29030">
      <class name="nisarahmedqae.tests.ProductDetailsTest">
        <test-method is-config="true" signature="launchApplication()[pri:0, instance:nisarahmedqae.tests.ProductDetailsTest@52af26ee]" started-at="2024-05-19T14:22:10 IST" name="launchApplication" finished-at="2024-05-19T14:22:13 IST" duration-ms="3566" status="PASS">
          <reporter-output>
          </reporter-output>
        </test-method> <!-- launchApplication -->
        <test-method signature="GetProductPrice(java.util.HashMap)[pri:0, instance:nisarahmedqae.tests.ProductDetailsTest@52af26ee]" started-at="2024-05-19T14:22:13 IST" name="GetProductPrice" data-provider="getProductsData" finished-at="2024-05-19T14:22:15 IST" duration-ms="1778" status="PASS">
          <params>
            <param index="0">
              <value>
                <![CDATA[{searchedProduct=xiaomi 14, price=69,999, productName=Xiaomi 14 (White, 12GB RAM, 512GB Storage)}]]>
              </value>
            </param>
          </params>
          <reporter-output>
          </reporter-output>
        </test-method> <!-- GetProductPrice -->
        <test-method is-config="true" signature="tearDown()[pri:0, instance:nisarahmedqae.tests.ProductDetailsTest@52af26ee]" started-at="2024-05-19T14:22:15 IST" name="tearDown" finished-at="2024-05-19T14:22:15 IST" duration-ms="159" status="PASS">
          <reporter-output>
          </reporter-output>
        </test-method> <!-- tearDown -->
        <test-method is-config="true" signature="launchApplication()[pri:0, instance:nisarahmedqae.tests.ProductDetailsTest@52af26ee]" started-at="2024-05-19T14:22:15 IST" name="launchApplication" finished-at="2024-05-19T14:22:18 IST" duration-ms="2928" status="PASS">
          <reporter-output>
          </reporter-output>
        </test-method> <!-- launchApplication -->
        <test-method retried="true" signature="GetProductPrice(java.util.HashMap)[pri:0, instance:nisarahmedqae.tests.ProductDetailsTest@52af26ee]" started-at="2024-05-19T14:22:18 IST" name="GetProductPrice" data-provider="getProductsData" finished-at="2024-05-19T14:22:23 IST" duration-ms="5050" status="SKIP">
          <params>
            <param index="0">
              <value>
                <![CDATA[{searchedProduct=oneplus 12, price=64,999, productName=OnePlus 12 (Flowy Emerald, 12GB RAM, 256GB Storage)}]]>
              </value>
            </param>
          </params>
          <exception class="org.openqa.selenium.NoSuchElementException">
            <message>
              <![CDATA[no such element: Unable to locate element: {"method":"css selector","selector":"#twotabsearchtextbox"}
  (Session info: chrome=124.0.6367.209)
For documentation on this error, please visit: https://www.selenium.dev/documentation/webdriver/troubleshooting/errors#no-such-element-exception
Build info: version: '4.20.0', revision: '866c76ca80'
System info: os.name: 'Windows 11', os.arch: 'amd64', os.version: '10.0', java.version: '17.0.10'
Driver info: org.openqa.selenium.chrome.ChromeDriver
Command: [ecf30c243cb4befff4eeed9298e981c2, findElement {value=twotabsearchtextbox, using=id}]
Capabilities {acceptInsecureCerts: false, browserName: chrome, browserVersion: 124.0.6367.209, chrome: {chromedriverVersion: 124.0.6367.207 (a9001a6e39f..., userDataDir: C:\Users\iamni\AppData\Loca...}, fedcm:accounts: true, goog:chromeOptions: {debuggerAddress: localhost:62784}, networkConnectionEnabled: false, pageLoadStrategy: normal, platformName: windows, proxy: Proxy(), se:cdp: ws://localhost:62784/devtoo..., se:cdpVersion: 124.0.6367.209, setWindowRect: true, strictFileInteractability: false, timeouts: {implicit: 0, pageLoad: 300000, script: 30000}, unhandledPromptBehavior: dismiss and notify, webauthn:extension:credBlob: true, webauthn:extension:largeBlob: true, webauthn:extension:minPinLength: true, webauthn:extension:prf: true, webauthn:virtualAuthenticators: true}
Session ID: ecf30c243cb4befff4eeed9298e981c2]]>
            </message>
            <full-stacktrace>
              <![CDATA[org.openqa.selenium.NoSuchElementException: no such element: Unable to locate element: {"method":"css selector","selector":"#twotabsearchtextbox"}
  (Session info: chrome=124.0.6367.209)
For documentation on this error, please visit: https://www.selenium.dev/documentation/webdriver/troubleshooting/errors#no-such-element-exception
Build info: version: '4.20.0', revision: '866c76ca80'
System info: os.name: 'Windows 11', os.arch: 'amd64', os.version: '10.0', java.version: '17.0.10'
Driver info: org.openqa.selenium.chrome.ChromeDriver
Command: [ecf30c243cb4befff4eeed9298e981c2, findElement {value=twotabsearchtextbox, using=id}]
Capabilities {acceptInsecureCerts: false, browserName: chrome, browserVersion: 124.0.6367.209, chrome: {chromedriverVersion: 124.0.6367.207 (a9001a6e39f..., userDataDir: C:\Users\iamni\AppData\Loca...}, fedcm:accounts: true, goog:chromeOptions: {debuggerAddress: localhost:62784}, networkConnectionEnabled: false, pageLoadStrategy: normal, platformName: windows, proxy: Proxy(), se:cdp: ws://localhost:62784/devtoo..., se:cdpVersion: 124.0.6367.209, setWindowRect: true, strictFileInteractability: false, timeouts: {implicit: 0, pageLoad: 300000, script: 30000}, unhandledPromptBehavior: dismiss and notify, webauthn:extension:credBlob: true, webauthn:extension:largeBlob: true, webauthn:extension:minPinLength: true, webauthn:extension:prf: true, webauthn:virtualAuthenticators: true}
Session ID: ecf30c243cb4befff4eeed9298e981c2
at java.base/jdk.internal.reflect.NativeConstructorAccessorImpl.newInstance0(Native Method)
at java.base/jdk.internal.reflect.NativeConstructorAccessorImpl.newInstance(NativeConstructorAccessorImpl.java:77)
at java.base/jdk.internal.reflect.DelegatingConstructorAccessorImpl.newInstance(DelegatingConstructorAccessorImpl.java:45)
at java.base/java.lang.reflect.Constructor.newInstanceWithCaller(Constructor.java:499)
at java.base/java.lang.reflect.Constructor.newInstance(Constructor.java:480)
at org.openqa.selenium.remote.ErrorCodec.decode(ErrorCodec.java:167)
at org.openqa.selenium.remote.codec.w3c.W3CHttpResponseCodec.decode(W3CHttpResponseCodec.java:138)
at org.openqa.selenium.remote.codec.w3c.W3CHttpResponseCodec.decode(W3CHttpResponseCodec.java:50)
at org.openqa.selenium.remote.HttpCommandExecutor.execute(HttpCommandExecutor.java:190)
at org.openqa.selenium.remote.service.DriverCommandExecutor.invokeExecute(DriverCommandExecutor.java:216)
at org.openqa.selenium.remote.service.DriverCommandExecutor.execute(DriverCommandExecutor.java:174)
at org.openqa.selenium.remote.RemoteWebDriver.execute(RemoteWebDriver.java:518)
at org.openqa.selenium.remote.ElementLocation$ElementFinder$2.findElement(ElementLocation.java:165)
at org.openqa.selenium.remote.ElementLocation.findElement(ElementLocation.java:66)
at org.openqa.selenium.remote.RemoteWebDriver.findElement(RemoteWebDriver.java:355)
at org.openqa.selenium.remote.RemoteWebDriver.findElement(RemoteWebDriver.java:349)
at org.openqa.selenium.support.pagefactory.DefaultElementLocator.findElement(DefaultElementLocator.java:68)
at org.openqa.selenium.support.pagefactory.internal.LocatingElementHandler.invoke(LocatingElementHandler.java:38)
at jdk.proxy2/jdk.proxy2.$Proxy15.click(Unknown Source)
at nisarahmedqae.commonPages.NavigationBar.searchProduct(NavigationBar.java:37)
at nisarahmedqae.tests.ProductDetailsTest.GetProductPrice(ProductDetailsTest.java:33)
at java.base/jdk.internal.reflect.NativeMethodAccessorImpl.invoke0(Native Method)
at java.base/jdk.internal.reflect.NativeMethodAccessorImpl.invoke(NativeMethodAccessorImpl.java:77)
at java.base/jdk.internal.reflect.DelegatingMethodAccessorImpl.invoke(DelegatingMethodAccessorImpl.java:43)
at java.base/java.lang.reflect.Method.invoke(Method.java:568)
at org.testng.internal.MethodInvocationHelper.invokeMethod(MethodInvocationHelper.java:133)
at org.testng.internal.TestInvoker.invokeMethod(TestInvoker.java:598)
at org.testng.internal.TestInvoker.invokeTestMethod(TestInvoker.java:173)
at org.testng.internal.MethodRunner.runInSequence(MethodRunner.java:46)
at org.testng.internal.TestInvoker$MethodInvocationAgent.invoke(TestInvoker.java:824)
at org.testng.internal.TestInvoker.invokeTestMethods(TestInvoker.java:146)
at org.testng.internal.TestMethodWorker.invokeTestMethods(TestMethodWorker.java:146)
at org.testng.internal.TestMethodWorker.run(TestMethodWorker.java:128)
at java.base/java.util.ArrayList.forEach(ArrayList.java:1511)
at org.testng.TestRunner.privateRun(TestRunner.java:794)
at org.testng.TestRunner.run(TestRunner.java:596)
at org.testng.SuiteRunner.runTest(SuiteRunner.java:377)
at org.testng.SuiteRunner.runSequentially(SuiteRunner.java:371)
at org.testng.SuiteRunner.privateRun(SuiteRunner.java:332)
at org.testng.SuiteRunner.run(SuiteRunner.java:276)
at org.testng.SuiteRunnerWorker.runSuite(SuiteRunnerWorker.java:53)
at org.testng.SuiteRunnerWorker.run(SuiteRunnerWorker.java:96)
at org.testng.TestNG.runSuitesSequentially(TestNG.java:1212)
at org.testng.TestNG.runSuitesLocally(TestNG.java:1134)
at org.testng.TestNG.runSuites(TestNG.java:1063)
at org.testng.TestNG.run(TestNG.java:1031)
at org.testng.remote.AbstractRemoteTestNG.run(AbstractRemoteTestNG.java:115)
at org.testng.remote.RemoteTestNG.initAndRun(RemoteTestNG.java:251)
at org.testng.remote.RemoteTestNG.main(RemoteTestNG.java:77)
]]>
            </full-stacktrace>
          </exception> <!-- org.openqa.selenium.NoSuchElementException -->
          <reporter-output>
          </reporter-output>
        </test-method> <!-- GetProductPrice -->
        <test-method is-config="true" signature="tearDown()[pri:0, instance:nisarahmedqae.tests.ProductDetailsTest@52af26ee]" started-at="2024-05-19T14:22:23 IST" name="tearDown" finished-at="2024-05-19T14:22:24 IST" duration-ms="181" status="PASS">
          <reporter-output>
          </reporter-output>
        </test-method> <!-- tearDown -->
        <test-method is-config="true" signature="launchApplication()[pri:0, instance:nisarahmedqae.tests.ProductDetailsTest@52af26ee]" started-at="2024-05-19T14:22:24 IST" name="launchApplication" finished-at="2024-05-19T14:22:26 IST" duration-ms="2913" status="PASS">
          <reporter-output>
          </reporter-output>
        </test-method> <!-- launchApplication -->
        <test-method signature="GetProductPrice(java.util.HashMap)[pri:0, instance:nisarahmedqae.tests.ProductDetailsTest@52af26ee]" started-at="2024-05-19T14:22:26 IST" name="GetProductPrice" data-provider="getProductsData" finished-at="2024-05-19T14:22:28 IST" duration-ms="1767" status="PASS">
          <params>
            <param index="0">
              <value>
                <![CDATA[{searchedProduct=oneplus 12, price=64,999, productName=OnePlus 12 (Flowy Emerald, 12GB RAM, 256GB Storage)}]]>
              </value>
            </param>
          </params>
          <reporter-output>
          </reporter-output>
        </test-method> <!-- GetProductPrice -->
        <test-method is-config="true" signature="tearDown()[pri:0, instance:nisarahmedqae.tests.ProductDetailsTest@52af26ee]" started-at="2024-05-19T14:22:28 IST" name="tearDown" finished-at="2024-05-19T14:22:28 IST" duration-ms="161" status="PASS">
          <reporter-output>
          </reporter-output>
        </test-method> <!-- tearDown -->
        <test-method is-config="true" signature="launchApplication()[pri:0, instance:nisarahmedqae.tests.ProductDetailsTest@52af26ee]" started-at="2024-05-19T14:22:28 IST" name="launchApplication" finished-at="2024-05-19T14:22:31 IST" duration-ms="2204" status="PASS">
          <reporter-output>
          </reporter-output>
        </test-method> <!-- launchApplication -->
        <test-method signature="GetProductPrice(java.util.HashMap)[pri:0, instance:nisarahmedqae.tests.ProductDetailsTest@52af26ee]" started-at="2024-05-19T14:22:31 IST" name="GetProductPrice" data-provider="getProductsData" finished-at="2024-05-19T14:22:33 IST" duration-ms="2328" status="PASS">
          <params>
            <param index="0">
              <value>
                <![CDATA[{searchedProduct=iphone 15 pro max, price=1,48,900, productName=Apple iPhone 15 Pro Max (256 GB) - White Titanium}]]>
              </value>
            </param>
          </params>
          <reporter-output>
          </reporter-output>
        </test-method> <!-- GetProductPrice -->
        <test-method is-config="true" signature="tearDown()[pri:0, instance:nisarahmedqae.tests.ProductDetailsTest@52af26ee]" started-at="2024-05-19T14:22:33 IST" name="tearDown" finished-at="2024-05-19T14:22:33 IST" duration-ms="145" status="PASS">
          <reporter-output>
          </reporter-output>
        </test-method> <!-- tearDown -->
        <test-method is-config="true" signature="launchApplication()[pri:0, instance:nisarahmedqae.tests.ProductDetailsTest@52af26ee]" started-at="2024-05-19T14:22:33 IST" name="launchApplication" finished-at="2024-05-19T14:22:36 IST" duration-ms="3376" status="PASS">
          <reporter-output>
          </reporter-output>
        </test-method> <!-- launchApplication -->
        <test-method signature="GetSearchedProducts()[pri:0, instance:nisarahmedqae.tests.ProductDetailsTest@52af26ee]" started-at="2024-05-19T14:22:36 IST" name="GetSearchedProducts" finished-at="2024-05-19T14:22:38 IST" duration-ms="2079" status="PASS">
          <reporter-output>
          </reporter-output>
        </test-method> <!-- GetSearchedProducts -->
        <test-method is-config="true" signature="tearDown()[pri:0, instance:nisarahmedqae.tests.ProductDetailsTest@52af26ee]" started-at="2024-05-19T14:22:38 IST" name="tearDown" finished-at="2024-05-19T14:22:39 IST" duration-ms="149" status="PASS">
          <reporter-output>
          </reporter-output>
        </test-method> <!-- tearDown -->
      </class> <!-- nisarahmedqae.tests.ProductDetailsTest -->
    </test> <!-- Default test -->
  </suite> <!-- Default suite -->
</testng-results>
