<?xml version="1.0" encoding="UTF-8"?>
<!-- Generated by org.testng.reporters.JUnitXMLReporter -->
<testsuite ignored="0" hostname="iamnisar812" failures="0" tests="4" name="PetTests" time="9.216" errors="0" timestamp="2023-11-04T13:08:49 IST">
  <testcase classname="api.test.UserTests2" name="testPostUser" time="2.676"/>
  <testcase classname="api.test.UserTests2" name="testGetUserByName" time="1.495"/>
  <testcase classname="api.test.UserTests2" name="testUpdateUserByName" time="2.831"/>
  <testcase classname="api.test.UserTests2" name="testDeleteUserByName" time="1.466"/>
</testsuite> <!-- PetTests -->
