<?xml version="1.0" encoding="UTF-8"?>
<testng-results ignored="0" total="2" passed="2" failed="0" skipped="0">
  <reporter-output>
  </reporter-output>
  <suite started-at="2024-08-24T15:42:23 IST" name="Suite" finished-at="2024-08-24T15:42:43 IST" duration-ms="19381">
    <groups>
    </groups>
    <test started-at="2024-08-24T15:42:23 IST" name="Test" finished-at="2024-08-24T15:42:43 IST" duration-ms="19381">
      <class name="com.tmb.tests.OrangeHRMTests">
        <test-method is-config="true" signature="setUp([Ljava.lang.Object;)[pri:0, instance:com.tmb.tests.OrangeHRMTests@121314f7]" started-at="2024-08-24T15:42:24 IST" name="setUp" finished-at="2024-08-24T15:42:36 IST" duration-ms="11897" status="PASS">
          <params>
            <param index="0">
              <value>
                <![CDATA[[Ljava.lang.Object;@7bca6fac]]>
              </value>
            </param>
          </params>
          <reporter-output>
          </reporter-output>
        </test-method> <!-- setUp -->
        <test-method is-config="true" signature="setUp([Ljava.lang.Object;)[pri:0, instance:com.tmb.tests.OrangeHRMTests@121314f7]" started-at="2024-08-24T15:42:24 IST" name="setUp" finished-at="2024-08-24T15:42:29 IST" duration-ms="4388" status="PASS">
          <params>
            <param index="0">
              <value>
                <![CDATA[[Ljava.lang.Object;@5c60b0a0]]>
              </value>
            </param>
          </params>
          <reporter-output>
          </reporter-output>
        </test-method> <!-- setUp -->
        <test-method signature="loginLogoutTest(java.util.Map)[pri:0, instance:com.tmb.tests.OrangeHRMTests@121314f7]" started-at="2024-08-24T15:42:29 IST" name="loginLogoutTest" description="To check whether the user can successfully login and logout" data-provider="getData" finished-at="2024-08-24T15:42:33 IST" duration-ms="4338" status="PASS">
          <params>
            <param index="0">
              <value>
                <![CDATA[{fname=amuthan, password=admin123, browser=chrome, testname=loginLogoutTest, execute=yes, username=Admin}]]>
              </value>
            </param>
          </params>
          <reporter-output>
          </reporter-output>
        </test-method> <!-- loginLogoutTest -->
        <test-method is-config="true" signature="tearDown()[pri:0, instance:com.tmb.tests.OrangeHRMTests@121314f7]" started-at="2024-08-24T15:42:33 IST" name="tearDown" finished-at="2024-08-24T15:42:33 IST" duration-ms="194" status="PASS">
          <reporter-output>
          </reporter-output>
        </test-method> <!-- tearDown -->
        <test-method signature="loginLogoutTest(java.util.Map)[pri:0, instance:com.tmb.tests.OrangeHRMTests@121314f7]" started-at="2024-08-24T15:42:36 IST" name="loginLogoutTest" description="To check whether the user can successfully login and logout" data-provider="getData" finished-at="2024-08-24T15:42:42 IST" duration-ms="5391" status="PASS">
          <params>
            <param index="0">
              <value>
                <![CDATA[{fname=testing mini bytes, password=admin123, browser=edge, testname=loginLogoutTest, execute=yes, username=Admin}]]>
              </value>
            </param>
          </params>
          <reporter-output>
          </reporter-output>
        </test-method> <!-- loginLogoutTest -->
        <test-method is-config="true" signature="tearDown()[pri:0, instance:com.tmb.tests.OrangeHRMTests@121314f7]" started-at="2024-08-24T15:42:42 IST" name="tearDown" finished-at="2024-08-24T15:42:43 IST" duration-ms="1320" status="PASS">
          <reporter-output>
          </reporter-output>
        </test-method> <!-- tearDown -->
      </class> <!-- com.tmb.tests.OrangeHRMTests -->
    </test> <!-- Test -->
  </suite> <!-- Suite -->
</testng-results>
