<?xml version="1.0" encoding="UTF-8"?>
<testng-results ignored="0" total="2" passed="2" failed="0" skipped="0">
  <reporter-output>
  </reporter-output>
  <suite started-at="2024-08-17T19:37:15 IST" name="Suite" finished-at="2024-08-17T19:37:19 IST" duration-ms="3819">
    <groups>
    </groups>
    <test started-at="2024-08-17T19:37:15 IST" name="Test" finished-at="2024-08-17T19:37:19 IST" duration-ms="3819">
      <class name="com.tmb.tests.HomePageTests">
        <test-method is-config="true" signature="setUp()[pri:0, instance:com.tmb.tests.HomePageTests@47d9a273]" started-at="2024-08-17T19:37:15 IST" name="setUp" finished-at="2024-08-17T19:37:17 IST" duration-ms="2182" status="PASS">
          <reporter-output>
          </reporter-output>
        </test-method> <!-- setUp -->
        <test-method signature="test2()[pri:0, instance:com.tmb.tests.HomePageTests@47d9a273]" started-at="2024-08-17T19:37:17 IST" name="test2" finished-at="2024-08-17T19:37:19 IST" duration-ms="1375" status="PASS">
          <reporter-output>
          </reporter-output>
        </test-method> <!-- test2 -->
        <test-method is-config="true" signature="tearDown()[pri:0, instance:com.tmb.tests.HomePageTests@47d9a273]" started-at="2024-08-17T19:37:19 IST" name="tearDown" finished-at="2024-08-17T19:37:19 IST" duration-ms="214" status="PASS">
          <reporter-output>
          </reporter-output>
        </test-method> <!-- tearDown -->
      </class> <!-- com.tmb.tests.HomePageTests -->
      <class name="com.tmb.tests.LoginPageTests">
        <test-method is-config="true" signature="setUp()[pri:0, instance:com.tmb.tests.LoginPageTests@38cee291]" started-at="2024-08-17T19:37:15 IST" name="setUp" finished-at="2024-08-17T19:37:18 IST" duration-ms="3106" status="PASS">
          <reporter-output>
          </reporter-output>
        </test-method> <!-- setUp -->
        <test-method signature="test1()[pri:0, instance:com.tmb.tests.LoginPageTests@38cee291]" started-at="2024-08-17T19:37:18 IST" name="test1" finished-at="2024-08-17T19:37:19 IST" duration-ms="332" status="PASS">
          <reporter-output>
          </reporter-output>
        </test-method> <!-- test1 -->
        <test-method is-config="true" signature="tearDown()[pri:0, instance:com.tmb.tests.LoginPageTests@38cee291]" started-at="2024-08-17T19:37:19 IST" name="tearDown" finished-at="2024-08-17T19:37:19 IST" duration-ms="233" status="PASS">
          <reporter-output>
          </reporter-output>
        </test-method> <!-- tearDown -->
      </class> <!-- com.tmb.tests.LoginPageTests -->
    </test> <!-- Test -->
  </suite> <!-- Suite -->
</testng-results>
