<?xml version="1.0" encoding="UTF-8"?>
<testng-results ignored="0" total="1" passed="1" failed="0" skipped="0">
  <reporter-output>
  </reporter-output>
  <suite started-at="2024-08-18T22:16:24 IST" name="Default suite" finished-at="2024-08-18T22:16:41 IST" duration-ms="17747">
    <groups>
    </groups>
    <test started-at="2024-08-18T22:16:24 IST" name="Default test" finished-at="2024-08-18T22:16:41 IST" duration-ms="17747">
      <class name="com.tmb.tests.OrangeHRMTests">
        <test-method is-config="true" signature="setUp()[pri:0, instance:com.tmb.tests.OrangeHRMTests@47d9a273]" started-at="2024-08-18T22:16:24 IST" name="setUp" finished-at="2024-08-18T22:16:36 IST" duration-ms="12114" status="PASS">
          <reporter-output>
          </reporter-output>
        </test-method> <!-- setUp -->
        <test-method signature="loginLogoutTest()[pri:0, instance:com.tmb.tests.OrangeHRMTests@47d9a273]" started-at="2024-08-18T22:16:36 IST" name="loginLogoutTest" finished-at="2024-08-18T22:16:41 IST" duration-ms="5359" status="PASS">
          <reporter-output>
          </reporter-output>
        </test-method> <!-- loginLogoutTest -->
        <test-method is-config="true" signature="tearDown()[pri:0, instance:com.tmb.tests.OrangeHRMTests@47d9a273]" started-at="2024-08-18T22:16:41 IST" name="tearDown" finished-at="2024-08-18T22:16:41 IST" duration-ms="228" status="PASS">
          <reporter-output>
          </reporter-output>
        </test-method> <!-- tearDown -->
      </class> <!-- com.tmb.tests.OrangeHRMTests -->
    </test> <!-- Default test -->
  </suite> <!-- Default suite -->
</testng-results>
