<?xml version="1.0" encoding="UTF-8"?>
<testng-results ignored="0" total="2" passed="2" failed="0" skipped="0">
  <reporter-output>
  </reporter-output>
  <suite started-at="2024-08-23T23:15:08 IST" name="Suite" finished-at="2024-08-23T23:15:58 IST" duration-ms="49923">
    <groups>
    </groups>
    <test started-at="2024-08-23T23:15:08 IST" name="Test" finished-at="2024-08-23T23:15:58 IST" duration-ms="49923">
      <class name="com.tmb.tests.OrangeHRMTests">
        <test-method is-config="true" signature="setUp()[pri:0, instance:com.tmb.tests.OrangeHRMTests@e350b40]" started-at="2024-08-23T23:15:09 IST" name="setUp" finished-at="2024-08-23T23:15:21 IST" duration-ms="12483" status="PASS">
          <reporter-output>
          </reporter-output>
        </test-method> <!-- setUp -->
        <test-method signature="loginLogoutTest(java.lang.String,java.lang.String)[pri:0, instance:com.tmb.tests.OrangeHRMTests@e350b40]" started-at="2024-08-23T23:15:21 IST" name="loginLogoutTest" description="To check whether the user can successfully login and logout" data-provider="LoginTestData" finished-at="2024-08-23T23:15:28 IST" duration-ms="6977" status="PASS">
          <params>
            <param index="0">
              <value>
                <![CDATA[Admin]]>
              </value>
            </param>
            <param index="1">
              <value>
                <![CDATA[admin123]]>
              </value>
            </param>
          </params>
          <reporter-output>
          </reporter-output>
        </test-method> <!-- loginLogoutTest -->
        <test-method is-config="true" signature="tearDown()[pri:0, instance:com.tmb.tests.OrangeHRMTests@e350b40]" started-at="2024-08-23T23:15:28 IST" name="tearDown" finished-at="2024-08-23T23:15:28 IST" duration-ms="223" status="PASS">
          <reporter-output>
          </reporter-output>
        </test-method> <!-- tearDown -->
        <test-method is-config="true" signature="setUp()[pri:0, instance:com.tmb.tests.OrangeHRMTests@e350b40]" started-at="2024-08-23T23:15:28 IST" name="setUp" finished-at="2024-08-23T23:15:49 IST" duration-ms="21297" status="PASS">
          <reporter-output>
          </reporter-output>
        </test-method> <!-- setUp -->
        <test-method signature="newTest(java.lang.String,java.lang.String)[pri:0, instance:com.tmb.tests.OrangeHRMTests@e350b40]" started-at="2024-08-23T23:15:49 IST" name="newTest" description="To check whether this test is executed" data-provider="LoginTestData" finished-at="2024-08-23T23:15:57 IST" duration-ms="7920" status="PASS">
          <params>
            <param index="0">
              <value>
                <![CDATA[Admin]]>
              </value>
            </param>
            <param index="1">
              <value>
                <![CDATA[admin123]]>
              </value>
            </param>
          </params>
          <reporter-output>
          </reporter-output>
        </test-method> <!-- newTest -->
        <test-method is-config="true" signature="tearDown()[pri:0, instance:com.tmb.tests.OrangeHRMTests@e350b40]" started-at="2024-08-23T23:15:57 IST" name="tearDown" finished-at="2024-08-23T23:15:58 IST" duration-ms="201" status="PASS">
          <reporter-output>
          </reporter-output>
        </test-method> <!-- tearDown -->
      </class> <!-- com.tmb.tests.OrangeHRMTests -->
    </test> <!-- Test -->
  </suite> <!-- Suite -->
</testng-results>
