<?xml version="1.0" encoding="UTF-8"?>
<testng-results ignored="0" total="1" passed="1" failed="0" skipped="0">
  <reporter-output>
  </reporter-output>
  <suite started-at="2024-08-18T16:16:20 IST" name="Suite" finished-at="2024-08-18T16:16:25 IST" duration-ms="5154">
    <groups>
    </groups>
    <test started-at="2024-08-18T16:16:20 IST" name="Test" finished-at="2024-08-18T16:16:25 IST" duration-ms="5154">
      <class name="com.tmb.tests.HomePageTests">
        <test-method is-config="true" signature="setUp()[pri:0, instance:com.tmb.tests.HomePageTests@47d9a273]" started-at="2024-08-18T16:16:20 IST" name="setUp" finished-at="2024-08-18T16:16:23 IST" duration-ms="3022" status="PASS">
          <reporter-output>
          </reporter-output>
        </test-method> <!-- setUp -->
        <test-method signature="test2()[pri:0, instance:com.tmb.tests.HomePageTests@47d9a273]" started-at="2024-08-18T16:16:23 IST" name="test2" finished-at="2024-08-18T16:16:25 IST" duration-ms="1898" status="PASS">
          <reporter-output>
          </reporter-output>
        </test-method> <!-- test2 -->
        <test-method is-config="true" signature="tearDown()[pri:0, instance:com.tmb.tests.HomePageTests@47d9a273]" started-at="2024-08-18T16:16:25 IST" name="tearDown" finished-at="2024-08-18T16:16:25 IST" duration-ms="189" status="PASS">
          <reporter-output>
          </reporter-output>
        </test-method> <!-- tearDown -->
      </class> <!-- com.tmb.tests.HomePageTests -->
    </test> <!-- Test -->
  </suite> <!-- Suite -->
</testng-results>
