<?xml version="1.0" encoding="UTF-8"?>
<testng-results ignored="0" total="3" passed="2" failed="1" skipped="0">
  <reporter-output>
  </reporter-output>
  <suite started-at="2024-08-24T13:33:39 IST" name="Suite" finished-at="2024-08-24T13:36:19 IST" duration-ms="159512">
    <groups>
    </groups>
    <test started-at="2024-08-24T13:33:39 IST" name="Test" finished-at="2024-08-24T13:36:19 IST" duration-ms="159512">
      <class name="com.tmb.tests.OrangeHRMTests">
        <test-method is-config="true" signature="setUp()[pri:0, instance:com.tmb.tests.OrangeHRMTests@5e600dd5]" started-at="2024-08-24T13:33:40 IST" name="setUp" finished-at="2024-08-24T13:33:58 IST" duration-ms="18258" status="PASS">
          <reporter-output>
          </reporter-output>
        </test-method> <!-- setUp -->
        <test-method signature="loginLogoutTest(java.util.Map)[pri:0, instance:com.tmb.tests.OrangeHRMTests@5e600dd5]" started-at="2024-08-24T13:33:58 IST" name="loginLogoutTest" description="To check whether the user can successfully login and logout" data-provider="getData" finished-at="2024-08-24T13:34:25 IST" duration-ms="27090" status="PASS">
          <params>
            <param index="0">
              <value>
                <![CDATA[{fname=amuthan, password=admin123, testname=loginLogoutTest, execute=yes, username=Admin}]]>
              </value>
            </param>
          </params>
          <reporter-output>
          </reporter-output>
        </test-method> <!-- loginLogoutTest -->
        <test-method is-config="true" signature="tearDown()[pri:0, instance:com.tmb.tests.OrangeHRMTests@5e600dd5]" started-at="2024-08-24T13:34:25 IST" name="tearDown" finished-at="2024-08-24T13:34:25 IST" duration-ms="229" status="PASS">
          <reporter-output>
          </reporter-output>
        </test-method> <!-- tearDown -->
        <test-method is-config="true" signature="setUp()[pri:0, instance:com.tmb.tests.OrangeHRMTests@5e600dd5]" started-at="2024-08-24T13:34:25 IST" name="setUp" finished-at="2024-08-24T13:34:52 IST" duration-ms="26647" status="PASS">
          <reporter-output>
          </reporter-output>
        </test-method> <!-- setUp -->
        <test-method signature="loginLogoutTest(java.util.Map)[pri:0, instance:com.tmb.tests.OrangeHRMTests@5e600dd5]" started-at="2024-08-24T13:34:52 IST" name="loginLogoutTest" description="To check whether the user can successfully login and logout" data-provider="getData" finished-at="2024-08-24T13:35:46 IST" duration-ms="53710" status="FAIL">
          <params>
            <param index="0">
              <value>
                <![CDATA[{fname=subscribe, password=admin123, testname=loginLogoutTest, execute=yes, username=admin123}]]>
              </value>
            </param>
          </params>
          <exception class="org.openqa.selenium.TimeoutException">
            <message>
              <![CDATA[Expected condition failed: waiting for presence of element located by: By.xpath: //span[@class='oxd-userdropdown-tab'] (tried for 10 second(s) with 500 milliseconds interval)]]>
            </message>
            <full-stacktrace>
              <![CDATA[org.openqa.selenium.TimeoutException: Expected condition failed: waiting for presence of element located by: By.xpath: //span[@class='oxd-userdropdown-tab'] (tried for 10 second(s) with 500 milliseconds interval)
at org.openqa.selenium.support.ui.WebDriverWait.timeoutException(WebDriverWait.java:84)
at org.openqa.selenium.support.ui.FluentWait.until(FluentWait.java:228)
at com.tmb.factories.ExplicitWaitFactory.performExplicitWait(ExplicitWaitFactory.java:25)
at com.tmb.pages.BasePage.click(BasePage.java:16)
at com.tmb.pages.OrangeHRMHomePage.clickWelcome(OrangeHRMHomePage.java:13)
at com.tmb.tests.OrangeHRMTests.loginLogoutTest(OrangeHRMTests.java:19)
at java.base/jdk.internal.reflect.NativeMethodAccessorImpl.invoke0(Native Method)
at java.base/jdk.internal.reflect.NativeMethodAccessorImpl.invoke(NativeMethodAccessorImpl.java:77)
at java.base/jdk.internal.reflect.DelegatingMethodAccessorImpl.invoke(DelegatingMethodAccessorImpl.java:43)
at java.base/java.lang.reflect.Method.invoke(Method.java:568)
at org.testng.internal.invokers.MethodInvocationHelper.invokeMethod(MethodInvocationHelper.java:139)
at org.testng.internal.invokers.TestInvoker.invokeMethod(TestInvoker.java:664)
at org.testng.internal.invokers.TestInvoker.invokeTestMethod(TestInvoker.java:227)
at org.testng.internal.invokers.MethodRunner.runInSequence(MethodRunner.java:50)
at org.testng.internal.invokers.TestInvoker$MethodInvocationAgent.invoke(TestInvoker.java:957)
at org.testng.internal.invokers.TestInvoker.invokeTestMethods(TestInvoker.java:200)
at org.testng.internal.invokers.TestMethodWorker.invokeTestMethods(TestMethodWorker.java:148)
at org.testng.internal.invokers.TestMethodWorker.run(TestMethodWorker.java:128)
at java.base/java.util.concurrent.ThreadPoolExecutor.runWorker(ThreadPoolExecutor.java:1136)
at java.base/java.util.concurrent.ThreadPoolExecutor$Worker.run(ThreadPoolExecutor.java:635)
at java.base/java.lang.Thread.run(Thread.java:840)
Caused by: org.openqa.selenium.NoSuchElementException: no such element: Unable to locate element: {"method":"xpath","selector":"//span[@class='oxd-userdropdown-tab']"}
  (Session info: chrome=127.0.6533.120)
For documentation on this error, please visit: https://www.selenium.dev/documentation/webdriver/troubleshooting/errors#no-such-element-exception
Build info: version: '4.23.1', revision: '656257d8e9'
System info: os.name: 'Windows 11', os.arch: 'amd64', os.version: '10.0', java.version: '17.0.10'
Driver info: org.openqa.selenium.chrome.ChromeDriver
Command: [6e6ad3febc81dff1defe942eabfb34be, findElement {using=xpath, value=//span[@class='oxd-userdropdown-tab']}]
Capabilities {acceptInsecureCerts: false, browserName: chrome, browserVersion: 127.0.6533.120, chrome: {chromedriverVersion: 127.0.6533.119 (bdef6783a05..., userDataDir: C:\Users\iamni\AppData\Loca...}, fedcm:accounts: true, goog:chromeOptions: {debuggerAddress: localhost:65466}, networkConnectionEnabled: false, pageLoadStrategy: normal, platformName: windows, proxy: Proxy(), se:cdp: ws://localhost:65466/devtoo..., se:cdpVersion: 127.0.6533.120, setWindowRect: true, strictFileInteractability: false, timeouts: {implicit: 0, pageLoad: 300000, script: 30000}, unhandledPromptBehavior: dismiss and notify, webauthn:extension:credBlob: true, webauthn:extension:largeBlob: true, webauthn:extension:minPinLength: true, webauthn:extension:prf: true, webauthn:virtualAuthenticators: true}
Session ID: 6e6ad3febc81dff1defe942eabfb34be
at jdk.internal.reflect.GeneratedConstructorAccessor20.newInstance(Unknown Source)
at java.base/jdk.internal.reflect.DelegatingConstructorAccessorImpl.newInstance(DelegatingConstructorAccessorImpl.java:45)
at java.base/java.lang.reflect.Constructor.newInstanceWithCaller(Constructor.java:499)
at java.base/java.lang.reflect.Constructor.newInstance(Constructor.java:480)
at org.openqa.selenium.remote.ErrorCodec.decode(ErrorCodec.java:167)
at org.openqa.selenium.remote.codec.w3c.W3CHttpResponseCodec.decode(W3CHttpResponseCodec.java:138)
at org.openqa.selenium.remote.codec.w3c.W3CHttpResponseCodec.decode(W3CHttpResponseCodec.java:50)
at org.openqa.selenium.remote.HttpCommandExecutor.execute(HttpCommandExecutor.java:190)
at org.openqa.selenium.remote.service.DriverCommandExecutor.invokeExecute(DriverCommandExecutor.java:216)
at org.openqa.selenium.remote.service.DriverCommandExecutor.execute(DriverCommandExecutor.java:174)
at org.openqa.selenium.remote.RemoteWebDriver.execute(RemoteWebDriver.java:545)
at org.openqa.selenium.remote.ElementLocation$ElementFinder$2.findElement(ElementLocation.java:165)
at org.openqa.selenium.remote.ElementLocation.findElement(ElementLocation.java:59)
at org.openqa.selenium.remote.RemoteWebDriver.findElement(RemoteWebDriver.java:368)
at org.openqa.selenium.remote.RemoteWebDriver.findElement(RemoteWebDriver.java:362)
at org.openqa.selenium.support.ui.ExpectedConditions$6.apply(ExpectedConditions.java:171)
at org.openqa.selenium.support.ui.ExpectedConditions$6.apply(ExpectedConditions.java:168)
at org.openqa.selenium.support.ui.FluentWait.until(FluentWait.java:203)
... 19 more
]]>
            </full-stacktrace>
          </exception> <!-- org.openqa.selenium.TimeoutException -->
          <reporter-output>
          </reporter-output>
        </test-method> <!-- loginLogoutTest -->
        <test-method is-config="true" signature="tearDown()[pri:0, instance:com.tmb.tests.OrangeHRMTests@5e600dd5]" started-at="2024-08-24T13:35:46 IST" name="tearDown" finished-at="2024-08-24T13:35:46 IST" duration-ms="251" status="PASS">
          <reporter-output>
          </reporter-output>
        </test-method> <!-- tearDown -->
        <test-method is-config="true" signature="setUp()[pri:0, instance:com.tmb.tests.OrangeHRMTests@5e600dd5]" started-at="2024-08-24T13:35:46 IST" name="setUp" finished-at="2024-08-24T13:35:59 IST" duration-ms="12858" status="PASS">
          <reporter-output>
          </reporter-output>
        </test-method> <!-- setUp -->
        <test-method signature="newTest(java.util.Map)[pri:0, instance:com.tmb.tests.OrangeHRMTests@5e600dd5]" started-at="2024-08-24T13:35:59 IST" name="newTest" description="To check whether this test is executed" data-provider="getData" finished-at="2024-08-24T13:36:18 IST" duration-ms="19269" status="PASS">
          <params>
            <param index="0">
              <value>
                <![CDATA[{fname=, password=admin123, testname=newTest, execute=yes, username=Admin}]]>
              </value>
            </param>
          </params>
          <reporter-output>
          </reporter-output>
        </test-method> <!-- newTest -->
        <test-method is-config="true" signature="tearDown()[pri:0, instance:com.tmb.tests.OrangeHRMTests@5e600dd5]" started-at="2024-08-24T13:36:18 IST" name="tearDown" finished-at="2024-08-24T13:36:19 IST" duration-ms="267" status="PASS">
          <reporter-output>
          </reporter-output>
        </test-method> <!-- tearDown -->
      </class> <!-- com.tmb.tests.OrangeHRMTests -->
    </test> <!-- Test -->
  </suite> <!-- Suite -->
</testng-results>
