<?xml version="1.0" encoding="UTF-8"?>
<testng-results ignored="0" total="2" passed="2" failed="0" skipped="0">
  <reporter-output>
  </reporter-output>
  <suite started-at="2024-08-17T23:00:12 IST" name="Suite" finished-at="2024-08-17T23:00:16 IST" duration-ms="4011">
    <groups>
    </groups>
    <test started-at="2024-08-17T23:00:12 IST" name="Test" finished-at="2024-08-17T23:00:16 IST" duration-ms="4011">
      <class name="com.tmb.tests.HomePageTests">
        <test-method is-config="true" signature="setUp()[pri:0, instance:com.tmb.tests.HomePageTests@47d9a273]" started-at="2024-08-17T23:00:12 IST" name="setUp" finished-at="2024-08-17T23:00:16 IST" duration-ms="3383" status="PASS">
          <reporter-output>
          </reporter-output>
        </test-method> <!-- setUp -->
        <test-method signature="test2()[pri:0, instance:com.tmb.tests.HomePageTests@47d9a273]" started-at="2024-08-17T23:00:16 IST" name="test2" finished-at="2024-08-17T23:00:16 IST" duration-ms="346" status="PASS">
          <reporter-output>
          </reporter-output>
        </test-method> <!-- test2 -->
        <test-method is-config="true" signature="tearDown()[pri:0, instance:com.tmb.tests.HomePageTests@47d9a273]" started-at="2024-08-17T23:00:16 IST" name="tearDown" finished-at="2024-08-17T23:00:16 IST" duration-ms="236" status="PASS">
          <reporter-output>
          </reporter-output>
        </test-method> <!-- tearDown -->
      </class> <!-- com.tmb.tests.HomePageTests -->
      <class name="com.tmb.tests.LoginPageTests">
        <test-method is-config="true" signature="setUp()[pri:0, instance:com.tmb.tests.LoginPageTests@38cee291]" started-at="2024-08-17T23:00:12 IST" name="setUp" finished-at="2024-08-17T23:00:16 IST" duration-ms="3364" status="PASS">
          <reporter-output>
          </reporter-output>
        </test-method> <!-- setUp -->
        <test-method signature="test1()[pri:0, instance:com.tmb.tests.LoginPageTests@38cee291]" started-at="2024-08-17T23:00:16 IST" name="test1" finished-at="2024-08-17T23:00:16 IST" duration-ms="303" status="PASS">
          <reporter-output>
          </reporter-output>
        </test-method> <!-- test1 -->
        <test-method is-config="true" signature="tearDown()[pri:0, instance:com.tmb.tests.LoginPageTests@38cee291]" started-at="2024-08-17T23:00:16 IST" name="tearDown" finished-at="2024-08-17T23:00:16 IST" duration-ms="243" status="PASS">
          <reporter-output>
          </reporter-output>
        </test-method> <!-- tearDown -->
      </class> <!-- com.tmb.tests.LoginPageTests -->
    </test> <!-- Test -->
  </suite> <!-- Suite -->
</testng-results>
