<?xml version="1.0" encoding="UTF-8"?>
<testng-results ignored="0" total="1" passed="1" failed="0" skipped="0">
  <reporter-output>
  </reporter-output>
  <suite started-at="2024-08-18T18:52:50 IST" name="Suite" finished-at="2024-08-18T18:53:09 IST" duration-ms="19390">
    <groups>
    </groups>
    <test started-at="2024-08-18T18:52:50 IST" name="Test" finished-at="2024-08-18T18:53:09 IST" duration-ms="19390">
      <class name="com.tmb.tests.OrangeHRMTests">
        <test-method is-config="true" signature="setUp()[pri:0, instance:com.tmb.tests.OrangeHRMTests@47d9a273]" started-at="2024-08-18T18:52:50 IST" name="setUp" finished-at="2024-08-18T18:53:02 IST" duration-ms="11902" status="PASS">
          <reporter-output>
          </reporter-output>
        </test-method> <!-- setUp -->
        <test-method signature="loginLogoutTest()[pri:0, instance:com.tmb.tests.OrangeHRMTests@47d9a273]" started-at="2024-08-18T18:53:02 IST" name="loginLogoutTest" finished-at="2024-08-18T18:53:09 IST" duration-ms="7254" status="PASS">
          <reporter-output>
          </reporter-output>
        </test-method> <!-- loginLogoutTest -->
        <test-method is-config="true" signature="tearDown()[pri:0, instance:com.tmb.tests.OrangeHRMTests@47d9a273]" started-at="2024-08-18T18:53:09 IST" name="tearDown" finished-at="2024-08-18T18:53:09 IST" duration-ms="192" status="PASS">
          <reporter-output>
          </reporter-output>
        </test-method> <!-- tearDown -->
      </class> <!-- com.tmb.tests.OrangeHRMTests -->
    </test> <!-- Test -->
  </suite> <!-- Suite -->
</testng-results>
