<?xml version="1.0" encoding="UTF-8"?>
<!-- Generated by org.testng.reporters.JUnitXMLReporter -->
<testsuite ignored="1" hostname="iamnisar812" failures="0" tests="5" name="Car Loan" time="0.087" errors="0" timestamp="2023-02-06T00:00:51 IST">
  <testcase classname="Tests.day3" name="ApiLoginCarLoan" time="0.011"/>
  <testcase classname="Tests.day3" name="WebLoginCarLoan" time="0.003"/>
  <testcase classname="Tests.day3" name="usingDataProvider" time="0.001"/>
  <testcase classname="Tests.day3" name="usingDataProvider" time="0.004"/>
  <testcase classname="Tests.day3" name="usingDataProvider" time="0.003"/>
  <testcase classname="Tests.day3" name="MobileLoginCarLoan" time="0.0">
    <ignored/>
  </testcase> <!-- MobileLoginCarLoan -->
</testsuite> <!-- Car Loan -->
