<?xml version="1.0" encoding="UTF-8"?>
<!-- Generated by org.testng.reporters.JUnitXMLReporter -->
<testsuite ignored="1" hostname="iamnisar812" failures="0" tests="2" name="Home Loan" time="0.006" errors="0" timestamp="2023-02-06T00:00:51 IST">
  <testcase classname="Tests.day4" name="MobileLoginHomeLoan" time="0.001"/>
  <testcase classname="Tests.day4" name="WebLoginHomeLoan" time="0.001"/>
  <testcase classname="Tests.day4" name="ApiLoginHomeLoan" time="0.0">
    <ignored/>
  </testcase> <!-- ApiLoginHomeLoan -->
</testsuite> <!-- Home Loan -->
