<?xml version="1.0" encoding="UTF-8"?>
<!-- Generated by org.testng.reporters.JUnitXMLReporter -->
<testsuite ignored="6" hostname="iamnisar812" failures="1" tests="4" name="Regression" time="0.074" errors="0" timestamp="2023-11-12T15:16:04 IST">
  <testcase classname="Tests.day1" name="Demo" time="0.012">
    <failure type="java.lang.AssertionError" message="expected [true] but found [false]">
      <![CDATA[java.lang.AssertionError: expected [true] but found [false]
at Tests.day1.Demo(day1.java:11)
at java.base/java.util.ArrayList.forEach(ArrayList.java:1511)
... Removed 31 stack frames]]>
    </failure>
  </testcase> <!-- Demo -->
  <testcase classname="Tests.day2" name="pLoan" time="0.001"/>
  <testcase classname="Tests.day3" name="WebLoginCarLoan" time="0.001"/>
  <testcase classname="Tests.day4" name="WebLoginHomeLoan" time="0.002"/>
  <testcase classname="Tests.day1" name="SecondTest" time="0.0">
    <ignored/>
  </testcase> <!-- SecondTest -->
  <testcase classname="Tests.day3" name="ApiLoginCarLoan" time="0.0">
    <ignored/>
  </testcase> <!-- ApiLoginCarLoan -->
  <testcase classname="Tests.day4" name="MobileLoginHomeLoan" time="0.0">
    <ignored/>
  </testcase> <!-- MobileLoginHomeLoan -->
  <testcase classname="Tests.day3" name="MobileLoginCarLoan" time="0.0">
    <ignored/>
  </testcase> <!-- MobileLoginCarLoan -->
  <testcase classname="Tests.day3" name="usingDataProvider" time="0.0">
    <ignored/>
  </testcase> <!-- usingDataProvider -->
  <testcase classname="Tests.day4" name="ApiLoginHomeLoan" time="0.0">
    <ignored/>
  </testcase> <!-- ApiLoginHomeLoan -->
</testsuite> <!-- Regression -->
