<?xml version="1.0" encoding="UTF-8"?>
<testng-results ignored="0" total="1" passed="1" failed="0" skipped="0">
  <reporter-output>
  </reporter-output>
  <suite started-at="2024-08-29T16:21:17 IST" name="Default suite" finished-at="2024-08-29T16:21:27 IST" duration-ms="10741">
    <groups>
    </groups>
    <test started-at="2024-08-29T16:21:17 IST" name="Default test" finished-at="2024-08-29T16:21:27 IST" duration-ms="10741">
      <class name="com.test.DemoTest">
        <test-method signature="androidLaunchTest()[pri:0, instance:com.test.DemoTest@5d534f5d]" started-at="2024-08-29T16:21:17 IST" name="androidLaunchTest" finished-at="2024-08-29T16:21:27 IST" duration-ms="10689" status="PASS">
          <reporter-output>
          </reporter-output>
        </test-method> <!-- androidLaunchTest -->
      </class> <!-- com.test.DemoTest -->
    </test> <!-- Default test -->
  </suite> <!-- Default suite -->
</testng-results>
