<?xml version="1.0" encoding="UTF-8"?>
<testng-results ignored="0" total="0" passed="0" failed="0" skipped="0">
  <reporter-output>
  </reporter-output>
  <suite started-at="2023-08-20T16:17:36 IST" name="Suite" finished-at="2023-08-20T16:17:36 IST" duration-ms="0">
    <groups>
      <group name="ErrorHandling">
        <method signature="ErrorValidationsTest.LoginErrorValidation()[pri:0, instance:nahmed.Tests.ErrorValidationsTest@6bffbc6d]" name="LoginErrorValidation" class="nahmed.Tests.ErrorValidationsTest"/>
      </group> <!-- ErrorHandling -->
      <group name="Purchase">
        <method signature="SubmitOrderTest.submitOrder(java.util.HashMap)[pri:0, instance:nahmed.Tests.SubmitOrderTest@132e0cc]" name="submitOrder" class="nahmed.Tests.SubmitOrderTest"/>
      </group> <!-- Purchase -->
    </groups>
  </suite> <!-- Suite -->
</testng-results>
