<?xml version="1.0" encoding="UTF-8"?>
<testng-results ignored="0" total="4" passed="4" failed="0" skipped="0">
  <reporter-output>
  </reporter-output>
  <suite started-at="2023-11-04T13:08:40 IST" name="PetSuite" finished-at="2023-11-04T13:08:49 IST" duration-ms="9216">
    <groups>
    </groups>
    <test started-at="2023-11-04T13:08:40 IST" name="PetTests" finished-at="2023-11-04T13:08:49 IST" duration-ms="9216">
      <class name="api.test.UserTests2">
        <test-method is-config="true" signature="setup()[pri:0, instance:api.test.UserTests2@d9345cd]" started-at="2023-11-04T13:08:40 IST" name="setup" finished-at="2023-11-04T13:08:40 IST" duration-ms="529" status="PASS">
          <reporter-output>
          </reporter-output>
        </test-method> <!-- setup -->
        <test-method signature="testPostUser()[pri:1, instance:api.test.UserTests2@d9345cd]" started-at="2023-11-04T13:08:40 IST" name="testPostUser" finished-at="2023-11-04T13:08:43 IST" duration-ms="2676" status="PASS">
          <reporter-output>
          </reporter-output>
        </test-method> <!-- testPostUser -->
        <test-method signature="testGetUserByName()[pri:2, instance:api.test.UserTests2@d9345cd]" started-at="2023-11-04T13:08:43 IST" name="testGetUserByName" finished-at="2023-11-04T13:08:45 IST" duration-ms="1495" status="PASS">
          <reporter-output>
          </reporter-output>
        </test-method> <!-- testGetUserByName -->
        <test-method signature="testUpdateUserByName()[pri:3, instance:api.test.UserTests2@d9345cd]" started-at="2023-11-04T13:08:45 IST" name="testUpdateUserByName" finished-at="2023-11-04T13:08:47 IST" duration-ms="2831" status="PASS">
          <reporter-output>
          </reporter-output>
        </test-method> <!-- testUpdateUserByName -->
        <test-method signature="testDeleteUserByName()[pri:4, instance:api.test.UserTests2@d9345cd]" started-at="2023-11-04T13:08:47 IST" name="testDeleteUserByName" finished-at="2023-11-04T13:08:49 IST" duration-ms="1466" status="PASS">
          <reporter-output>
          </reporter-output>
        </test-method> <!-- testDeleteUserByName -->
      </class> <!-- api.test.UserTests2 -->
    </test> <!-- PetTests -->
  </suite> <!-- PetSuite -->
</testng-results>
