<?xml version="1.0" encoding="UTF-8"?>
<testng-results ignored="0" total="7" passed="7" failed="0" skipped="0">
  <reporter-output>
  </reporter-output>
  <suite started-at="2024-04-21T14:51:39 IST" name="Default suite" finished-at="2024-04-21T14:51:40 IST" duration-ms="550">
    <groups>
    </groups>
    <test started-at="2024-04-21T14:51:39 IST" name="Default test" finished-at="2024-04-21T14:51:40 IST" duration-ms="550">
      <class name="testing.UseDataOfExcel">
        <test-method signature="testExcelData(java.lang.String, java.lang.String, java.lang.String, java.lang.String, java.lang.String)[pri:0, instance:testing.UseDataOfExcel@6475472c]" started-at="2024-04-21T14:51:40 IST" name="testExcelData" data-provider="ExcelData" finished-at="2024-04-21T14:51:40 IST" duration-ms="11" status="PASS">
          <params>
            <param index="0">
              <value>
                <![CDATA[sno]]>
              </value>
            </param>
            <param index="1">
              <value>
                <![CDATA[fruit_name]]>
              </value>
            </param>
            <param index="2">
              <value>
                <![CDATA[color]]>
              </value>
            </param>
            <param index="3">
              <value>
                <![CDATA[price]]>
              </value>
            </param>
            <param index="4">
              <value>
                <![CDATA[season]]>
              </value>
            </param>
          </params>
          <reporter-output>
          </reporter-output>
        </test-method> <!-- testExcelData -->
        <test-method signature="testExcelData(java.lang.String, java.lang.String, java.lang.String, java.lang.String, java.lang.String)[pri:0, instance:testing.UseDataOfExcel@6475472c]" started-at="2024-04-21T14:51:40 IST" name="testExcelData" data-provider="ExcelData" finished-at="2024-04-21T14:51:40 IST" duration-ms="0" status="PASS">
          <params>
            <param index="0">
              <value>
                <![CDATA[1]]>
              </value>
            </param>
            <param index="1">
              <value>
                <![CDATA[Mango]]>
              </value>
            </param>
            <param index="2">
              <value>
                <![CDATA[Yellow]]>
              </value>
            </param>
            <param index="3">
              <value>
                <![CDATA[299]]>
              </value>
            </param>
            <param index="4">
              <value>
                <![CDATA[Summer]]>
              </value>
            </param>
          </params>
          <reporter-output>
          </reporter-output>
        </test-method> <!-- testExcelData -->
        <test-method signature="testExcelData(java.lang.String, java.lang.String, java.lang.String, java.lang.String, java.lang.String)[pri:0, instance:testing.UseDataOfExcel@6475472c]" started-at="2024-04-21T14:51:40 IST" name="testExcelData" data-provider="ExcelData" finished-at="2024-04-21T14:51:40 IST" duration-ms="2" status="PASS">
          <params>
            <param index="0">
              <value>
                <![CDATA[2]]>
              </value>
            </param>
            <param index="1">
              <value>
                <![CDATA[Apple]]>
              </value>
            </param>
            <param index="2">
              <value>
                <![CDATA[Red]]>
              </value>
            </param>
            <param index="3">
              <value>
                <![CDATA[345]]>
              </value>
            </param>
            <param index="4">
              <value>
                <![CDATA[Winter]]>
              </value>
            </param>
          </params>
          <reporter-output>
          </reporter-output>
        </test-method> <!-- testExcelData -->
        <test-method signature="testExcelData(java.lang.String, java.lang.String, java.lang.String, java.lang.String, java.lang.String)[pri:0, instance:testing.UseDataOfExcel@6475472c]" started-at="2024-04-21T14:51:40 IST" name="testExcelData" data-provider="ExcelData" finished-at="2024-04-21T14:51:40 IST" duration-ms="0" status="PASS">
          <params>
            <param index="0">
              <value>
                <![CDATA[3]]>
              </value>
            </param>
            <param index="1">
              <value>
                <![CDATA[Papaya]]>
              </value>
            </param>
            <param index="2">
              <value>
                <![CDATA[Orange]]>
              </value>
            </param>
            <param index="3">
              <value>
                <![CDATA[187]]>
              </value>
            </param>
            <param index="4">
              <value>
                <![CDATA[Spring]]>
              </value>
            </param>
          </params>
          <reporter-output>
          </reporter-output>
        </test-method> <!-- testExcelData -->
        <test-method signature="testExcelData(java.lang.String, java.lang.String, java.lang.String, java.lang.String, java.lang.String)[pri:0, instance:testing.UseDataOfExcel@6475472c]" started-at="2024-04-21T14:51:40 IST" name="testExcelData" data-provider="ExcelData" finished-at="2024-04-21T14:51:40 IST" duration-ms="1" status="PASS">
          <params>
            <param index="0">
              <value>
                <![CDATA[4]]>
              </value>
            </param>
            <param index="1">
              <value>
                <![CDATA[Banana]]>
              </value>
            </param>
            <param index="2">
              <value>
                <![CDATA[Yellow]]>
              </value>
            </param>
            <param index="3">
              <value>
                <![CDATA[69]]>
              </value>
            </param>
            <param index="4">
              <value>
                <![CDATA[All]]>
              </value>
            </param>
          </params>
          <reporter-output>
          </reporter-output>
        </test-method> <!-- testExcelData -->
        <test-method signature="testExcelData(java.lang.String, java.lang.String, java.lang.String, java.lang.String, java.lang.String)[pri:0, instance:testing.UseDataOfExcel@6475472c]" started-at="2024-04-21T14:51:40 IST" name="testExcelData" data-provider="ExcelData" finished-at="2024-04-21T14:51:40 IST" duration-ms="2" status="PASS">
          <params>
            <param index="0">
              <value>
                <![CDATA[5]]>
              </value>
            </param>
            <param index="1">
              <value>
                <![CDATA[Kivi]]>
              </value>
            </param>
            <param index="2">
              <value>
                <![CDATA[Green]]>
              </value>
            </param>
            <param index="3">
              <value>
                <![CDATA[399]]>
              </value>
            </param>
            <param index="4">
              <value>
                <![CDATA[Winter]]>
              </value>
            </param>
          </params>
          <reporter-output>
          </reporter-output>
        </test-method> <!-- testExcelData -->
        <test-method signature="testExcelData(java.lang.String, java.lang.String, java.lang.String, java.lang.String, java.lang.String)[pri:0, instance:testing.UseDataOfExcel@6475472c]" started-at="2024-04-21T14:51:40 IST" name="testExcelData" data-provider="ExcelData" finished-at="2024-04-21T14:51:40 IST" duration-ms="0" status="PASS">
          <params>
            <param index="0">
              <value>
                <![CDATA[6]]>
              </value>
            </param>
            <param index="1">
              <value>
                <![CDATA[Orange]]>
              </value>
            </param>
            <param index="2">
              <value>
                <![CDATA[Orange]]>
              </value>
            </param>
            <param index="3">
              <value>
                <![CDATA[199]]>
              </value>
            </param>
            <param index="4">
              <value>
                <![CDATA[Summer]]>
              </value>
            </param>
          </params>
          <reporter-output>
          </reporter-output>
        </test-method> <!-- testExcelData -->
      </class> <!-- testing.UseDataOfExcel -->
    </test> <!-- Default test -->
  </suite> <!-- Default suite -->
</testng-results>
