<?xml version="1.0" encoding="UTF-8"?>
<!-- Generated by org.testng.reporters.JUnitXMLReporter -->
<testsuite ignored="0" hostname="iamnisar812" failures="0" tests="4" name="Test" time="6.16" errors="0" timestamp="2023-10-14T15:44:21 IST">
  <testcase classname="day8.CreateUser" name="test_createUser" time="3.266"/>
  <testcase classname="day8.GetUser" name="test_getUser" time="1.045"/>
  <testcase classname="day8.UpdateUser" name="test_updateUser" time="0.826"/>
  <testcase classname="day8.DeleteUser" name="test_deleteUser" time="0.968"/>
</testsuite> <!-- Test -->
