<?xml version="1.0" encoding="UTF-8"?>
<!-- Generated by org.testng.reporters.JUnitXMLReporter -->
<testsuite ignored="0" hostname="iamnisar812" failures="1" tests="1" name="Test" time="12.074" errors="0" timestamp="2024-08-25T13:12:46 IST">
  <testcase classname="com.tmb.tests.AmazonDemoTests" name="amazonTest" time="2.202">
    <failure type="org.openqa.selenium.ElementClickInterceptedException" message="element click intercepted: Element &amp;lt;a href=&amp;quot;/gp/browse.html?node=1375424031&amp;amp;amp;ref_=nav_em_sbc_mobcomp_laptops_0_2_8_15&amp;quot; class=&amp;quot;hmenu-item&amp;quot;&amp;gt;...&amp;lt;/a&amp;gt; is not clickable at point (175, 562). Other element would receive the click: &amp;lt;a href=&amp;quot;/gp/browse.html?node=2454172031&amp;amp;amp;ref_=nav_em_sbc_mobcomp_office_0_2_8_11&amp;quot; class=&amp;quot;hmenu-item&amp;quot;&amp;gt;...&amp;lt;/a&amp;gt;
  (Session info: MicrosoftEdge=128.0.2739.42)
Build info: version: &amp;apos;4.23.1&amp;apos;, revision: &amp;apos;656257d8e9&amp;apos;
System info: os.name: &amp;apos;Windows 11&amp;apos;, os.arch: &amp;apos;amd64&amp;apos;, os.version: &amp;apos;10.0&amp;apos;, java.version: &amp;apos;17.0.10&amp;apos;
Driver info: org.openqa.selenium.edge.EdgeDriver
Command: [9dbec65f86a651d6750f165aa610c8e8, clickElement {id=f.97178FF12CE255237A5315E3BF1AABA3.d.CC9E8461EA282BE883825B7EB06CD50D.e.90}]
Capabilities {acceptInsecureCerts: false, browserName: MicrosoftEdge, browserVersion: 128.0.2739.42, fedcm:accounts: true, ms:edgeOptions: {debuggerAddress: localhost:56545}, msedge: {msedgedriverVersion: 128.0.2739.42 (e015505d79c9..., userDataDir: C:\Users\iamni\AppData\Loca...}, networkConnectionEnabled: false, pageLoadStrategy: normal, platformName: windows, proxy: Proxy(), se:cdp: ws://localhost:56545/devtoo..., se:cdpVersion: 128.0.2739.42, setWindowRect: true, strictFileInteractability: false, timeouts: {implicit: 0, pageLoad: 300000, script: 30000}, unhandledPromptBehavior: dismiss and notify, webauthn:extension:credBlob: true, webauthn:extension:largeBlob: true, webauthn:extension:minPinLength: true, webauthn:extension:prf: true, webauthn:virtualAuthenticators: true}
Element: [[EdgeDriver: MicrosoftEdge on windows (9dbec65f86a651d6750f165aa610c8e8)] -&amp;gt; xpath: //a[text()=&amp;apos;Laptops&amp;apos;]]
Session ID: 9dbec65f86a651d6750f165aa610c8e8">
      <![CDATA[org.openqa.selenium.ElementClickInterceptedException: element click intercepted: Element <a href="/gp/browse.html?node=1375424031&amp;ref_=nav_em_sbc_mobcomp_laptops_0_2_8_15" class="hmenu-item">...</a> is not clickable at point (175, 562). Other element would receive the click: <a href="/gp/browse.html?node=2454172031&amp;ref_=nav_em_sbc_mobcomp_office_0_2_8_11" class="hmenu-item">...</a>
  (Session info: MicrosoftEdge=128.0.2739.42)
Build info: version: '4.23.1', revision: '656257d8e9'
System info: os.name: 'Windows 11', os.arch: 'amd64', os.version: '10.0', java.version: '17.0.10'
Driver info: org.openqa.selenium.edge.EdgeDriver
Command: [9dbec65f86a651d6750f165aa610c8e8, clickElement {id=f.97178FF12CE255237A5315E3BF1AABA3.d.CC9E8461EA282BE883825B7EB06CD50D.e.90}]
Capabilities {acceptInsecureCerts: false, browserName: MicrosoftEdge, browserVersion: 128.0.2739.42, fedcm:accounts: true, ms:edgeOptions: {debuggerAddress: localhost:56545}, msedge: {msedgedriverVersion: 128.0.2739.42 (e015505d79c9..., userDataDir: C:\Users\iamni\AppData\Loca...}, networkConnectionEnabled: false, pageLoadStrategy: normal, platformName: windows, proxy: Proxy(), se:cdp: ws://localhost:56545/devtoo..., se:cdpVersion: 128.0.2739.42, setWindowRect: true, strictFileInteractability: false, timeouts: {implicit: 0, pageLoad: 300000, script: 30000}, unhandledPromptBehavior: dismiss and notify, webauthn:extension:credBlob: true, webauthn:extension:largeBlob: true, webauthn:extension:minPinLength: true, webauthn:extension:prf: true, webauthn:virtualAuthenticators: true}
Element: [[EdgeDriver: MicrosoftEdge on windows (9dbec65f86a651d6750f165aa610c8e8)] -> xpath: //a[text()='Laptops']]
Session ID: 9dbec65f86a651d6750f165aa610c8e8
at org.openqa.selenium.remote.ErrorCodec.decode(ErrorCodec.java:167)
at org.openqa.selenium.remote.codec.w3c.W3CHttpResponseCodec.decode(W3CHttpResponseCodec.java:138)
at org.openqa.selenium.remote.codec.w3c.W3CHttpResponseCodec.decode(W3CHttpResponseCodec.java:50)
at org.openqa.selenium.remote.HttpCommandExecutor.execute(HttpCommandExecutor.java:190)
at org.openqa.selenium.remote.service.DriverCommandExecutor.invokeExecute(DriverCommandExecutor.java:216)
at org.openqa.selenium.remote.service.DriverCommandExecutor.execute(DriverCommandExecutor.java:174)
at org.openqa.selenium.remote.RemoteWebDriver.execute(RemoteWebDriver.java:545)
at org.openqa.selenium.remote.RemoteWebElement.execute(RemoteWebElement.java:223)
at org.openqa.selenium.remote.RemoteWebElement.click(RemoteWebElement.java:76)
at com.tmb.pages.BasePage.click(BasePage.java:17)
at com.tmb.pages.AmazonHamburgerMenuPage.clickOnSubMenuItem(AmazonHamburgerMenuPage.java:20)
at com.tmb.tests.AmazonDemoTests.amazonTest(AmazonDemoTests.java:20)
at java.base/java.util.concurrent.FutureTask.run(FutureTask.java:264)
at java.base/java.util.concurrent.Executors$RunnableAdapter.call(Executors.java:539)
at java.base/java.util.concurrent.FutureTask.run(FutureTask.java:264)
at java.base/java.util.concurrent.ThreadPoolExecutor.runWorker(ThreadPoolExecutor.java:1136)
at java.base/java.util.concurrent.ThreadPoolExecutor$Worker.run(ThreadPoolExecutor.java:635)
at java.base/java.lang.Thread.run(Thread.java:840)
... Removed 14 stack frames]]>
    </failure>
  </testcase> <!-- amazonTest -->
</testsuite> <!-- Test -->
