<?xml version="1.0" encoding="UTF-8"?>
<!-- Generated by org.testng.reporters.JUnitXMLReporter -->
<testsuite ignored="0" hostname="iamnisar812" failures="0" tests="1" name="Test" time="1.742" errors="0" timestamp="2024-08-18T22:08:34 IST">
  <testcase classname="com.tmb.tests.BaseTest" name="@BeforeMethod setUp" time="1.685">
    <failure type="java.lang.Exception" message="Property nameURL is not found. Please check config.properties">
      <![CDATA[java.lang.Exception: Property nameURL is not found. Please check config.properties
at com.tmb.utils.PropertyUtils.getValue(PropertyUtils.java:42)
at com.tmb.driver.Driver.initDriver(Driver.java:22)
at com.tmb.tests.BaseTest.setUp(BaseTest.java:16)
at java.base/java.util.concurrent.ThreadPoolExecutor.runWorker(ThreadPoolExecutor.java:1136)
at java.base/java.util.concurrent.ThreadPoolExecutor$Worker.run(ThreadPoolExecutor.java:635)
at java.base/java.lang.Thread.run(Thread.java:840)
... Removed 16 stack frames]]>
    </failure>
  </testcase> <!-- @BeforeMethod setUp -->
  <testcase classname="com.tmb.tests.BaseTest" name="@AfterMethod tearDown" time="0.0">
    <skipped/>
  </testcase> <!-- @AfterMethod tearDown -->
  <testcase classname="com.tmb.tests.OrangeHRMTests" name="loginLogoutTest" time="0.0">
    <skipped/>
  </testcase> <!-- loginLogoutTest -->
</testsuite> <!-- Test -->
