<?xml version="1.0" encoding="UTF-8"?>
<testng-results ignored="0" total="2" passed="2" failed="0" skipped="0">
  <reporter-output>
  </reporter-output>
  <suite started-at="2024-07-16T21:22:58 IST" name="Default suite" finished-at="2024-07-16T21:23:18 IST" duration-ms="20375">
    <groups>
    </groups>
    <test started-at="2024-07-16T21:22:58 IST" name="Default test" finished-at="2024-07-16T21:23:18 IST" duration-ms="20375">
      <class name="mobileBrowser.MobileBrowserTest">
        <test-method is-config="true" signature="ConfigureAppium()[pri:0, instance:mobileBrowser.MobileBrowserTest@231f98ef]" started-at="2024-07-16T21:22:58 IST" name="ConfigureAppium" finished-at="2024-07-16T21:23:09 IST" duration-ms="11146" status="PASS">
          <reporter-output>
          </reporter-output>
        </test-method> <!-- ConfigureAppium -->
        <test-method signature="browserTest()[pri:0, instance:mobileBrowser.MobileBrowserTest@231f98ef]" started-at="2024-07-16T21:23:09 IST" name="browserTest" finished-at="2024-07-16T21:23:15 IST" duration-ms="6102" status="PASS">
          <reporter-output>
          </reporter-output>
        </test-method> <!-- browserTest -->
        <test-method signature="angularWebsiteTest()[pri:2, instance:mobileBrowser.MobileBrowserTest@231f98ef]" started-at="2024-07-16T21:23:15 IST" name="angularWebsiteTest" finished-at="2024-07-16T21:23:18 IST" duration-ms="2690" status="PASS">
          <reporter-output>
          </reporter-output>
        </test-method> <!-- angularWebsiteTest -->
        <test-method is-config="true" signature="tearDown()[pri:0, instance:mobileBrowser.MobileBrowserTest@231f98ef]" started-at="2024-07-16T21:23:18 IST" name="tearDown" finished-at="2024-07-16T21:23:18 IST" duration-ms="389" status="PASS">
          <reporter-output>
          </reporter-output>
        </test-method> <!-- tearDown -->
      </class> <!-- mobileBrowser.MobileBrowserTest -->
    </test> <!-- Default test -->
  </suite> <!-- Default suite -->
</testng-results>
