<?xml version="1.0" encoding="UTF-8"?>
<testng-results ignored="0" total="1" passed="1" failed="0" skipped="0">
  <reporter-output>
  </reporter-output>
  <suite started-at="2024-04-23T23:40:14 IST" name="Default suite" finished-at="2024-04-23T23:40:25 IST" duration-ms="10828">
    <groups>
    </groups>
    <test started-at="2024-04-23T23:40:14 IST" name="Default test" finished-at="2024-04-23T23:40:25 IST" duration-ms="10828">
      <class name="nahmed.SwipeDemo2">
        <test-method is-config="true" signature="ConfigureAppium()[pri:0, instance:nahmed.SwipeDemo2@1033576a]" started-at="2024-04-23T23:40:14 IST" name="ConfigureAppium" finished-at="2024-04-23T23:40:20 IST" duration-ms="6470" status="PASS">
          <reporter-output>
          </reporter-output>
        </test-method> <!-- ConfigureAppium -->
        <test-method signature="SwipeDemoTest()[pri:0, instance:nahmed.SwipeDemo2@1033576a]" started-at="2024-04-23T23:40:21 IST" name="SwipeDemoTest" finished-at="2024-04-23T23:40:25 IST" duration-ms="4319" status="PASS">
          <reporter-output>
          </reporter-output>
        </test-method> <!-- SwipeDemoTest -->
        <test-method is-config="true" signature="tearDown()[pri:0, instance:nahmed.SwipeDemo2@1033576a]" started-at="2024-04-23T23:40:25 IST" name="tearDown" finished-at="2024-04-23T23:40:25 IST" duration-ms="7" status="PASS">
          <reporter-output>
          </reporter-output>
        </test-method> <!-- tearDown -->
      </class> <!-- nahmed.SwipeDemo2 -->
    </test> <!-- Default test -->
  </suite> <!-- Default suite -->
</testng-results>
