<?xml version="1.0" encoding="UTF-8"?>
<!-- Generated by org.testng.reporters.JUnitXMLReporter -->
<testsuite ignored="0" hostname="iamnisar812" failures="0" tests="5" name="Default test" time="29.03" errors="0" timestamp="2024-05-19T14:22:39 IST">
  <testcase classname="nisarahmedqae.tests.ProductDetailsTest" name="GetProductPrice" time="1.778"/>
  <testcase classname="nisarahmedqae.tests.ProductDetailsTest" name="GetProductPrice" time="5.05">
    <skipped/>
  </testcase> <!-- GetProductPrice -->
  <testcase classname="nisarahmedqae.tests.ProductDetailsTest" name="GetProductPrice" time="1.767"/>
  <testcase classname="nisarahmedqae.tests.ProductDetailsTest" name="GetProductPrice" time="2.328"/>
  <testcase classname="nisarahmedqae.tests.ProductDetailsTest" name="GetSearchedProducts" time="2.079"/>
</testsuite> <!-- Default test -->
