<?xml version="1.0" encoding="UTF-8"?>
<!-- Generated by org.testng.reporters.JUnitXMLReporter -->
<testsuite ignored="0" hostname="iamnisar812" failures="0" tests="3" name="Default test" time="2.528" errors="0" timestamp="2023-12-03T20:42:53 IST">
  <testcase classname="files.DynamicJson" name="addBook" time="2.009"/>
  <testcase classname="files.DynamicJson" name="addBook" time="0.236"/>
  <testcase classname="files.DynamicJson" name="addBook" time="0.238"/>
</testsuite> <!-- Default test -->
