<?xml version="1.0" encoding="UTF-8"?>
<!-- Generated by org.testng.reporters.JUnitXMLReporter -->
<testsuite ignored="0" hostname="iamnisar812" failures="0" tests="3" name="Default test" time="0.239" errors="0" timestamp="2023-12-21T22:32:39 IST">
  <testcase classname="day2.DifferentWaysToCreatePostRequestBody" name="payloadUsingHashMap" time="0.186"/>
  <testcase classname="day2.DifferentWaysToCreatePostRequestBody" name="payloadUsingOrgJson" time="0.005"/>
  <testcase classname="day2.DifferentWaysToCreatePostRequestBody" name="payloadUsingExternalJsonFile" time="0.002"/>
</testsuite> <!-- Default test -->
