<?xml version="1.0" encoding="UTF-8"?>
<!-- Generated by org.testng.reporters.JUnitXMLReporter -->
<testsuite ignored="0" hostname="iamnisar812" failures="0" tests="6" name="Default test" time="10.91" errors="0" timestamp="2023-10-14T22:17:12 IST">
  <testcase classname="api.test.DDTests" name="testPostUser" time="2.612"/>
  <testcase classname="api.test.DDTests" name="testPostUser" time="1.427"/>
  <testcase classname="api.test.DDTests" name="testPostUser" time="1.44"/>
  <testcase classname="api.test.DDTests" name="testDeleteUserByName" time="1.492"/>
  <testcase classname="api.test.DDTests" name="testDeleteUserByName" time="1.481"/>
  <testcase classname="api.test.DDTests" name="testDeleteUserByName" time="1.457"/>
</testsuite> <!-- Default test -->
